<?xml version="1.0" encoding="UTF-8" ?>
<rss version="2.0" xmlns:atom="http://www.w3.org/2005/Atom">
  <channel>
    <title>Oliver Davies</title>
    <link>https://www.oliverdavies.uk</link>
    <language>en</language>
    <description>Oliver Davies, Drupal Developer</description>    <atom:link href="https://www.oliverdavies.uk/blog/tags/test-driven-development.xml" rel="self" type="application/rss+xml" />
    <lastBuildDate>Fri, 21 Jul 2017 18:44:12 +0100</lastBuildDate>
            <item>
        <title>Some useful links for using SimpleTest in Drupal</title>
        <link>https://www.oliverdavies.uk/blog/2013/06/13/some-useful-links-using-simpletest-drupal/</link>
        <guid isPermaLink="true">https://www.oliverdavies.uk/blog/2013/06/13/some-useful-links-using-simpletest-drupal/</guid>
        <pubDate>Thu, 13 Jun 2013 00:00:00 +0100</pubDate>
        <description><p>Here are some useful links that I've found when researching about unit testing in Drupal using SimpleTest.</p>
</description>
      </item>
      </channel>
</rss>